c:\users\aleksinis\documents\github\grafikmoodors\kolomio\superkolmio\debug\vc120.pdb
c:\users\aleksinis\documents\github\grafikmoodors\kolomio\superkolmio\debug\vc120.idb
c:\users\aleksinis\documents\github\grafikmoodors\kolomio\superkolmio\debug\renderer.obj
c:\users\aleksinis\documents\github\grafikmoodors\kolomio\superkolmio\debug\controls.obj
c:\users\aleksinis\documents\github\grafikmoodors\kolomio\superkolmio\debug\objloader.obj
c:\users\aleksinis\documents\github\grafikmoodors\kolomio\superkolmio\debug\quaternion_utils.obj
c:\users\aleksinis\documents\github\grafikmoodors\kolomio\superkolmio\debug\shader.obj
c:\users\aleksinis\documents\github\grafikmoodors\kolomio\superkolmio\debug\tangentspace.obj
c:\users\aleksinis\documents\github\grafikmoodors\kolomio\superkolmio\debug\text2d.obj
c:\users\aleksinis\documents\github\grafikmoodors\kolomio\superkolmio\debug\texture.obj
c:\users\aleksinis\documents\github\grafikmoodors\kolomio\superkolmio\debug\vboindexer.obj
c:\users\aleksinis\documents\github\grafikmoodors\kolomio\superkolmio\debug\main.obj
c:\users\aleksinis\documents\github\grafikmoodors\kolomio\debug\superkolmio.pdb
c:\users\aleksinis\documents\github\grafikmoodors\kolomio\superkolmio\debug\superkolmio.tlog\cl.command.1.tlog
c:\users\aleksinis\documents\github\grafikmoodors\kolomio\superkolmio\debug\superkolmio.tlog\cl.read.1.tlog
c:\users\aleksinis\documents\github\grafikmoodors\kolomio\superkolmio\debug\superkolmio.tlog\cl.write.1.tlog
c:\users\aleksinis\documents\github\grafikmoodors\kolomio\superkolmio\debug\superkolmio.tlog\link-cvtres.read.1.tlog
c:\users\aleksinis\documents\github\grafikmoodors\kolomio\superkolmio\debug\superkolmio.tlog\link-cvtres.write.1.tlog
c:\users\aleksinis\documents\github\grafikmoodors\kolomio\superkolmio\debug\superkolmio.tlog\link-rc.read.1.tlog
c:\users\aleksinis\documents\github\grafikmoodors\kolomio\superkolmio\debug\superkolmio.tlog\link-rc.write.1.tlog
c:\users\aleksinis\documents\github\grafikmoodors\kolomio\superkolmio\debug\superkolmio.tlog\link.command.1.tlog
c:\users\aleksinis\documents\github\grafikmoodors\kolomio\superkolmio\debug\superkolmio.tlog\link.read.1.tlog
c:\users\aleksinis\documents\github\grafikmoodors\kolomio\superkolmio\debug\superkolmio.tlog\link.write.1.tlog
