Build started 17.9.2015 14:45:56.
     1>Project "C:\Users\AleksiNis\Documents\GitHub\GrafikMoodors\kolomio\superkolmio\superkolmio.vcxproj" on node 2 (Build target(s)).
     1>ClCompile:
         C:\Program Files (x86)\Microsoft Visual Studio 12.0\VC\bin\CL.exe /c /IC:\Users\AleksiNis\Documents\GitHub\GrafikMoodors\kolomio\include /ZI /nologo /W3 /WX- /sdl /Od /Oy- /D _CRT_SECURE_NO_WARNINGS /D _MBCS /Gm /EHsc /RTC1 /MDd /GS /fp:precise /Zc:wchar_t /Zc:forScope /Fo"Debug\\" /Fd"Debug\vc120.pdb" /Gd /TP /analyze- /errorReport:prompt renderer.cpp
         renderer.cpp
       Link:
         C:\Program Files (x86)\Microsoft Visual Studio 12.0\VC\bin\link.exe /ERRORREPORT:PROMPT /OUT:"C:\Users\AleksiNis\Documents\GitHub\GrafikMoodors\kolomio\Debug\superkolmio.exe" /INCREMENTAL /NOLOGO /LIBPATH:C:\Users\AleksiNis\Documents\GitHub\GrafikMoodors\kolomio\..\lib opengl32.lib glfw3.lib glu32.lib glew32.lib kernel32.lib user32.lib gdi32.lib winspool.lib comdlg32.lib advapi32.lib shell32.lib ole32.lib oleaut32.lib uuid.lib odbc32.lib odbccp32.lib /MANIFEST /MANIFESTUAC:"level='asInvoker' uiAccess='false'" /manifest:embed /DEBUG /PDB:"C:\Users\AleksiNis\Documents\GitHub\GrafikMoodors\kolomio\Debug\superkolmio.pdb" /TLBID:1 /DYNAMICBASE /NXCOMPAT /IMPLIB:"C:\Users\AleksiNis\Documents\GitHub\GrafikMoodors\kolomio\Debug\superkolmio.lib" /MACHINE:X86 Debug\controls.obj
         Debug\objloader.obj
         Debug\quaternion_utils.obj
         Debug\shader.obj
         Debug\tangentspace.obj
         Debug\text2D.obj
         Debug\texture.obj
         Debug\vboindexer.obj
         Debug\main.obj
         Debug\renderer.obj
         superkolmio.vcxproj -> C:\Users\AleksiNis\Documents\GitHub\GrafikMoodors\kolomio\Debug\superkolmio.exe
     1>Done Building Project "C:\Users\AleksiNis\Documents\GitHub\GrafikMoodors\kolomio\superkolmio\superkolmio.vcxproj" (Build target(s)).

Build succeeded.

Time Elapsed 00:00:00.98
